<?xml version="1.0" encoding="UTF-8"?>
<!-- Generated by org.testng.reporters.JUnitReportReporter -->
<testsuite hostname="arunkumar-ThinkBook-15-G3-ACL" failures="0" tests="1" name="Practice.Arrays" time="0.004" errors="0" timestamp="2024-05-29T16:15:29 IST" skipped="0">
  <testcase classname="Practice.Arrays" name="EvenOdd" time="0.004"/>
  <system-out/>
</testsuite> <!-- Practice.Arrays -->
