<?xml version="1.0" encoding="UTF-8"?>
<!-- Generated by org.testng.reporters.JUnitReportReporter -->
<testsuite hostname="arunkumar-ThinkBook-15-G3-ACL" failures="0" tests="2" name="Selenium.Framework.MainClass" time="13.709" errors="0" timestamp="2024-05-24T15:17:03 IST" skipped="1">
  <testcase classname="Selenium.Framework.MainClass" name="faq" time="7.993"/>
  <system-out/>
  <testcase classname="Selenium.Framework.MainClass" name="faq" time="5.716">
    <skipped/>
  </testcase> <!-- faq -->
  <system-out/>
</testsuite> <!-- Selenium.Framework.MainClass -->
