<?xml version="1.0" encoding="UTF-8"?>
<!-- Generated by org.testng.reporters.JUnitReportReporter -->
<testsuite hostname="arunkumar-ThinkBook-15-G3-ACL" failures="0" tests="1" name="postman.postman" time="14.211" errors="0" timestamp="2024-05-08T11:39:02 IST" skipped="0">
  <testcase classname="postman.postman" name="pman" time="14.211"/>
  <system-out/>
</testsuite> <!-- postman.postman -->
