<?xml version="1.0" encoding="UTF-8"?>
<!-- Generated by org.testng.reporters.JUnitReportReporter -->
<testsuite hostname="arunkumar-ThinkBook-15-G3-ACL" failures="0" tests="1" name="Selenium.Framework.test" time="4.453" errors="0" timestamp="2024-05-10T16:49:15 IST" skipped="0">
  <testcase classname="Selenium.Framework.test" name="test" time="4.453"/>
  <system-out/>
</testsuite> <!-- Selenium.Framework.test -->
