<?xml version="1.0" encoding="UTF-8"?>
<!-- Generated by org.testng.reporters.JUnitReportReporter -->
<testsuite hostname="HYD-LTUB05" failures="0" tests="1" name="Selenium.Framework.Baseclass" time="4.386" errors="0" timestamp="2024-03-12T13:32:05 IST" skipped="0">
  <testcase classname="Selenium.Framework.Baseclass" name="URL" time="4.386"/>
  <system-out/>
</testsuite> <!-- Selenium.Framework.Baseclass -->
