<?xml version="1.0" encoding="UTF-8"?>
<!-- Generated by org.testng.reporters.JUnitReportReporter -->
<testsuite hostname="arunkumar-ThinkBook-15-G3-ACL" failures="0" tests="1" name="Practice.Fibonacci" time="0.015" errors="0" timestamp="2024-05-29T15:22:32 IST" skipped="0">
  <testcase classname="Practice.Fibonacci" name="palindrome" time="0.015"/>
  <system-out/>
</testsuite> <!-- Practice.Fibonacci -->
